<?xml version="1.0" encoding="UTF-8"?>
<testsuite xmlns:xsi="http://www.w3.org/2001/XMLSchema-instance" xsi:noNamespaceSchemaLocation="https://maven.apache.org/surefire/maven-surefire-plugin/xsd/surefire-test-report-3.0.xsd" version="3.0" name="com.tuankhoi.backend.BackendApplicationTests" time="15.419" tests="1" errors="0" skipped="0" failures="0">
  <properties>
[...]
</properties>
  <testcase name="contextLoads" classname="com.tuankhoi.backend.BackendApplicationTests" time="0.847">
    <system-out><![CDATA[18:48:24.703 [main] INFO org.springframework.test.context.support.AnnotationConfigContextLoaderUtils -- Could not detect default configuration classes for test class [com.tuankhoi.backend.BackendApplicationTests]: BackendApplicationTests does not declare any static, non-private, non-final, nested classes annotated with @Configuration.
18:48:24.930 [main] INFO org.springframework.boot.test.context.SpringBootTestContextBootstrapper -- Found @SpringBootConfiguration com.tuankhoi.backend.BackendApplication for test class com.tuankhoi.backend.BackendApplicationTests
18:48:25.387 [main] INFO org.springframework.boot.devtools.restart.RestartApplicationListener -- Restart disabled due to context in which it is running
  .   ____          _            __ _ _
 /\\ / ___'_ __ _ _(_)_ __  __ _ \ \ \ \
( ( )\___ | '_ | '_| | '_ \/ _` | \ \ \ \
 \\/  ___)| |_)| | | | | || (_| |  ) ) ) )
  '  |____| .__|_| |_|_| |_\__, | / / / /
 =========|_|==============|___/=/_/_/_/

 :: Spring Boot ::                (v3.3.0)

2024-07-23T18:48:26.012+07:00  INFO 9692 --- [backend] [           main] c.t.backend.BackendApplicationTests      : Starting BackendApplicationTests using Java 17.0.11 with PID 9692 (started by ACER in C:\Users\ACER\Desktop\kt.forum\backend)
2024-07-23T18:48:26.016+07:00  INFO 9692 --- [backend] [           main] c.t.backend.BackendApplicationTests      : No active profile set, falling back to 1 default profile: "default"
2024-07-23T18:48:27.724+07:00  INFO 9692 --- [backend] [           main] .s.d.r.c.RepositoryConfigurationDelegate : Multiple Spring Data modules found, entering strict repository configuration mode
2024-07-23T18:48:27.727+07:00  INFO 9692 --- [backend] [           main] .s.d.r.c.RepositoryConfigurationDelegate : Bootstrapping Spring Data Elasticsearch repositories in DEFAULT mode.
2024-07-23T18:48:27.819+07:00  INFO 9692 --- [backend] [           main] .RepositoryConfigurationExtensionSupport : Spring Data Elasticsearch - Could not safely identify store assignment for repository candidate interface com.tuankhoi.backend.repository.CommentRepository; If you want this repository to be a Elasticsearch repository, consider annotating your entities with one of these annotations: org.springframework.data.elasticsearch.annotations.Document (preferred), or consider extending one of the following types with your repository: org.springframework.data.elasticsearch.repository.ElasticsearchRepository
2024-07-23T18:48:27.830+07:00  INFO 9692 --- [backend] [           main] .RepositoryConfigurationExtensionSupport : Spring Data Elasticsearch - Could not safely identify store assignment for repository candidate interface com.tuankhoi.backend.repository.InvalidatedTokenRepository; If you want this repository to be a Elasticsearch repository, consider annotating your entities with one of these annotations: org.springframework.data.elasticsearch.annotations.Document (preferred), or consider extending one of the following types with your repository: org.springframework.data.elasticsearch.repository.ElasticsearchRepository
2024-07-23T18:48:27.835+07:00  INFO 9692 --- [backend] [           main] .RepositoryConfigurationExtensionSupport : Spring Data Elasticsearch - Could not safely identify store assignment for repository candidate interface com.tuankhoi.backend.repository.LikeRepository; If you want this repository to be a Elasticsearch repository, consider annotating your entities with one of these annotations: org.springframework.data.elasticsearch.annotations.Document (preferred), or consider extending one of the following types with your repository: org.springframework.data.elasticsearch.repository.ElasticsearchRepository
2024-07-23T18:48:27.837+07:00  INFO 9692 --- [backend] [           main] .RepositoryConfigurationExtensionSupport : Spring Data Elasticsearch - Could not safely identify store assignment for repository candidate interface com.tuankhoi.backend.repository.PermissionRepository; If you want this repository to be a Elasticsearch repository, consider annotating your entities with one of these annotations: org.springframework.data.elasticsearch.annotations.Document (preferred), or consider extending one of the following types with your repository: org.springframework.data.elasticsearch.repository.ElasticsearchRepository
2024-07-23T18:48:27.843+07:00  INFO 9692 --- [backend] [           main] .RepositoryConfigurationExtensionSupport : Spring Data Elasticsearch - Could not safely identify store assignment for repository candidate interface com.tuankhoi.backend.repository.PostRepository; If you want this repository to be a Elasticsearch repository, consider annotating your entities with one of these annotations: org.springframework.data.elasticsearch.annotations.Document (preferred), or consider extending one of the following types with your repository: org.springframework.data.elasticsearch.repository.ElasticsearchRepository
2024-07-23T18:48:27.846+07:00  INFO 9692 --- [backend] [           main] .RepositoryConfigurationExtensionSupport : Spring Data Elasticsearch - Could not safely identify store assignment for repository candidate interface com.tuankhoi.backend.repository.RoleRepository; If you want this repository to be a Elasticsearch repository, consider annotating your entities with one of these annotations: org.springframework.data.elasticsearch.annotations.Document (preferred), or consider extending one of the following types with your repository: org.springframework.data.elasticsearch.repository.ElasticsearchRepository
2024-07-23T18:48:27.848+07:00  INFO 9692 --- [backend] [           main] .RepositoryConfigurationExtensionSupport : Spring Data Elasticsearch - Could not safely identify store assignment for repository candidate interface com.tuankhoi.backend.repository.TestRepository; If you want this repository to be a Elasticsearch repository, consider annotating your entities with one of these annotations: org.springframework.data.elasticsearch.annotations.Document (preferred), or consider extending one of the following types with your repository: org.springframework.data.elasticsearch.repository.ElasticsearchRepository
2024-07-23T18:48:27.851+07:00  INFO 9692 --- [backend] [           main] .RepositoryConfigurationExtensionSupport : Spring Data Elasticsearch - Could not safely identify store assignment for repository candidate interface com.tuankhoi.backend.repository.UserRepository; If you want this repository to be a Elasticsearch repository, consider annotating your entities with one of these annotations: org.springframework.data.elasticsearch.annotations.Document (preferred), or consider extending one of the following types with your repository: org.springframework.data.elasticsearch.repository.ElasticsearchRepository
2024-07-23T18:48:27.854+07:00  INFO 9692 --- [backend] [           main] .s.d.r.c.RepositoryConfigurationDelegate : Finished Spring Data repository scanning in 112 ms. Found 0 Elasticsearch repository interfaces.
2024-07-23T18:48:27.867+07:00  INFO 9692 --- [backend] [           main] .s.d.r.c.RepositoryConfigurationDelegate : Multiple Spring Data modules found, entering strict repository configuration mode
2024-07-23T18:48:27.869+07:00  INFO 9692 --- [backend] [           main] .s.d.r.c.RepositoryConfigurationDelegate : Bootstrapping Spring Data Reactive Elasticsearch repositories in DEFAULT mode.
2024-07-23T18:48:27.883+07:00  INFO 9692 --- [backend] [           main] .RepositoryConfigurationExtensionSupport : Spring Data Reactive Elasticsearch - Could not safely identify store assignment for repository candidate interface com.tuankhoi.backend.repository.CommentRepository; If you want this repository to be a Reactive Elasticsearch repository, consider annotating your entities with one of these annotations: org.springframework.data.elasticsearch.annotations.Document (preferred), or consider extending one of the following types with your repository: org.springframework.data.elasticsearch.repository.ReactiveElasticsearchRepository
2024-07-23T18:48:27.883+07:00  INFO 9692 --- [backend] [           main] .RepositoryConfigurationExtensionSupport : Spring Data Reactive Elasticsearch - Could not safely identify store assignment for repository candidate interface com.tuankhoi.backend.repository.InvalidatedTokenRepository; If you want this repository to be a Reactive Elasticsearch repository, consider annotating your entities with one of these annotations: org.springframework.data.elasticsearch.annotations.Document (preferred), or consider extending one of the following types with your repository: org.springframework.data.elasticsearch.repository.ReactiveElasticsearchRepository
2024-07-23T18:48:27.883+07:00  INFO 9692 --- [backend] [           main] .RepositoryConfigurationExtensionSupport : Spring Data Reactive Elasticsearch - Could not safely identify store assignment for repository candidate interface com.tuankhoi.backend.repository.LikeRepository; If you want this repository to be a Reactive Elasticsearch repository, consider annotating your entities with one of these annotations: org.springframework.data.elasticsearch.annotations.Document (preferred), or consider extending one of the following types with your repository: org.springframework.data.elasticsearch.repository.ReactiveElasticsearchRepository
2024-07-23T18:48:27.884+07:00  INFO 9692 --- [backend] [           main] .RepositoryConfigurationExtensionSupport : Spring Data Reactive Elasticsearch - Could not safely identify store assignment for repository candidate interface com.tuankhoi.backend.repository.PermissionRepository; If you want this repository to be a Reactive Elasticsearch repository, consider annotating your entities with one of these annotations: org.springframework.data.elasticsearch.annotations.Document (preferred), or consider extending one of the following types with your repository: org.springframework.data.elasticsearch.repository.ReactiveElasticsearchRepository
2024-07-23T18:48:27.884+07:00  INFO 9692 --- [backend] [           main] .RepositoryConfigurationExtensionSupport : Spring Data Reactive Elasticsearch - Could not safely identify store assignment for repository candidate interface com.tuankhoi.backend.repository.PostRepository; If you want this repository to be a Reactive Elasticsearch repository, consider annotating your entities with one of these annotations: org.springframework.data.elasticsearch.annotations.Document (preferred), or consider extending one of the following types with your repository: org.springframework.data.elasticsearch.repository.ReactiveElasticsearchRepository
2024-07-23T18:48:27.885+07:00  INFO 9692 --- [backend] [           main] .RepositoryConfigurationExtensionSupport : Spring Data Reactive Elasticsearch - Could not safely identify store assignment for repository candidate interface com.tuankhoi.backend.repository.RoleRepository; If you want this repository to be a Reactive Elasticsearch repository, consider annotating your entities with one of these annotations: org.springframework.data.elasticsearch.annotations.Document (preferred), or consider extending one of the following types with your repository: org.springframework.data.elasticsearch.repository.ReactiveElasticsearchRepository
2024-07-23T18:48:27.885+07:00  INFO 9692 --- [backend] [           main] .RepositoryConfigurationExtensionSupport : Spring Data Reactive Elasticsearch - Could not safely identify store assignment for repository candidate interface com.tuankhoi.backend.repository.TestRepository; If you want this repository to be a Reactive Elasticsearch repository, consider annotating your entities with one of these annotations: org.springframework.data.elasticsearch.annotations.Document (preferred), or consider extending one of the following types with your repository: org.springframework.data.elasticsearch.repository.ReactiveElasticsearchRepository
2024-07-23T18:48:27.886+07:00  INFO 9692 --- [backend] [           main] .RepositoryConfigurationExtensionSupport : Spring Data Reactive Elasticsearch - Could not safely identify store assignment for repository candidate interface com.tuankhoi.backend.repository.UserRepository; If you want this repository to be a Reactive Elasticsearch repository, consider annotating your entities with one of these annotations: org.springframework.data.elasticsearch.annotations.Document (preferred), or consider extending one of the following types with your repository: org.springframework.data.elasticsearch.repository.ReactiveElasticsearchRepository
2024-07-23T18:48:27.886+07:00  INFO 9692 --- [backend] [           main] .s.d.r.c.RepositoryConfigurationDelegate : Finished Spring Data repository scanning in 17 ms. Found 0 Reactive Elasticsearch repository interfaces.
2024-07-23T18:48:27.906+07:00  INFO 9692 --- [backend] [           main] .s.d.r.c.RepositoryConfigurationDelegate : Multiple Spring Data modules found, entering strict repository configuration mode
2024-07-23T18:48:27.907+07:00  INFO 9692 --- [backend] [           main] .s.d.r.c.RepositoryConfigurationDelegate : Bootstrapping Spring Data JPA repositories in DEFAULT mode.
2024-07-23T18:48:28.000+07:00  INFO 9692 --- [backend] [           main] .s.d.r.c.RepositoryConfigurationDelegate : Finished Spring Data repository scanning in 85 ms. Found 8 JPA repository interfaces.
2024-07-23T18:48:29.305+07:00  INFO 9692 --- [backend] [           main] o.hibernate.jpa.internal.util.LogHelper  : HHH000204: Processing PersistenceUnitInfo [name: default]
2024-07-23T18:48:29.436+07:00  INFO 9692 --- [backend] [           main] org.hibernate.Version                    : HHH000412: Hibernate ORM core version 6.5.2.Final
2024-07-23T18:48:29.504+07:00  INFO 9692 --- [backend] [           main] o.h.c.internal.RegionFactoryInitiator    : HHH000026: Second-level cache disabled
2024-07-23T18:48:30.177+07:00  INFO 9692 --- [backend] [           main] o.s.o.j.p.SpringPersistenceUnitInfo      : No LoadTimeWeaver setup: ignoring JPA class transformer
2024-07-23T18:48:30.235+07:00  INFO 9692 --- [backend] [           main] com.zaxxer.hikari.HikariDataSource       : HikariPool-1 - Starting...
2024-07-23T18:48:30.903+07:00  INFO 9692 --- [backend] [           main] com.zaxxer.hikari.pool.HikariPool        : HikariPool-1 - Added connection com.mysql.cj.jdbc.ConnectionImpl@74e4be21
2024-07-23T18:48:30.906+07:00  INFO 9692 --- [backend] [           main] com.zaxxer.hikari.HikariDataSource       : HikariPool-1 - Start completed.
2024-07-23T18:48:33.632+07:00  INFO 9692 --- [backend] [           main] o.h.e.t.j.p.i.JtaPlatformInitiator       : HHH000489: No JTA platform available (set 'hibernate.transaction.jta.platform' to enable JTA platform integration)
Hibernate: alter table post modify column content TEXT
Hibernate: alter table post modify column image MEDIUMBLOB
Hibernate: alter table test modify column test_image MEDIUMBLOB
Hibernate: alter table user modify column image MEDIUMBLOB
2024-07-23T18:48:34.159+07:00  INFO 9692 --- [backend] [           main] j.LocalContainerEntityManagerFactoryBean : Initialized JPA EntityManagerFactory for persistence unit 'default'
2024-07-23T18:48:35.196+07:00  INFO 9692 --- [backend] [           main] o.s.d.j.r.query.QueryEnhancerFactory     : Hibernate is in classpath; If applicable, HQL parser will be used.
2024-07-23T18:48:36.249+07:00  WARN 9692 --- [backend] [           main] JpaBaseConfiguration$JpaWebConfiguration : spring.jpa.open-in-view is enabled by default. Therefore, database queries may be performed during view rendering. Explicitly configure spring.jpa.open-in-view to disable this warning
2024-07-23T18:48:36.920+07:00  INFO 9692 --- [backend] [           main] o.s.s.web.DefaultSecurityFilterChain     : Will secure any request with [org.springframework.security.web.session.DisableEncodeUrlFilter@656bd8e, org.springframework.security.web.context.request.async.WebAsyncManagerIntegrationFilter@7f336491, org.springframework.security.web.context.SecurityContextHolderFilter@6a7c1725, org.springframework.security.web.header.HeaderWriterFilter@685efb22, org.springframework.web.filter.CorsFilter@5dd2e62a, org.springframework.security.web.authentication.logout.LogoutFilter@3d4b3b94, org.springframework.security.oauth2.server.resource.web.authentication.BearerTokenAuthenticationFilter@3c73d613, org.springframework.security.web.savedrequest.RequestCacheAwareFilter@65e4ee59, org.springframework.security.web.servletapi.SecurityContextHolderAwareRequestFilter@4b5c84be, org.springframework.security.web.authentication.AnonymousAuthenticationFilter@2339ad10, org.springframework.security.web.access.ExceptionTranslationFilter@53a65166, org.springframework.security.web.access.intercept.AuthorizationFilter@24bf95ec]
2024-07-23T18:48:38.367+07:00  INFO 9692 --- [backend] [           main] o.s.m.s.b.SimpleBrokerMessageHandler     : Starting...
2024-07-23T18:48:38.368+07:00  INFO 9692 --- [backend] [           main] o.s.m.s.b.SimpleBrokerMessageHandler     : BrokerAvailabilityEvent[available=true, SimpleBrokerMessageHandler [org.springframework.messaging.simp.broker.DefaultSubscriptionRegistry@68c7162b]]
2024-07-23T18:48:38.369+07:00  INFO 9692 --- [backend] [           main] o.s.m.s.b.SimpleBrokerMessageHandler     : Started.
2024-07-23T18:48:38.393+07:00  INFO 9692 --- [backend] [           main] c.t.backend.BackendApplicationTests      : Started BackendApplicationTests in 13.04 seconds (process running for 15.388)
Hibernate: select count(*) from permission p1_0
2024-07-23T18:48:38.590+07:00  INFO 9692 --- [backend] [           main] c.t.b.config.ApplicationInitConfig       : Permission table already has data, skipping data initialization.
Hibernate: select count(*) from role r1_0
2024-07-23T18:48:38.598+07:00  INFO 9692 --- [backend] [           main] c.t.b.config.ApplicationInitConfig       : Role table already has data, skipping data initialization.
Hibernate: select r1_0.id,r1_0.description,r1_0.name from role r1_0 where r1_0.name=?
Hibernate: select u1_0.id,u1_0.active,u1_0.created_by,u1_0.created_date,u1_0.email,u1_0.full_name,u1_0.image,u1_0.last_modified_by,u1_0.last_modified_date,u1_0.password,u1_0.role_id,u1_0.user_name from user u1_0 where u1_0.user_name=?
Hibernate: select r1_0.id,r1_0.description,r1_0.name from role r1_0 where r1_0.id=?
2024-07-23T18:48:38.802+07:00  INFO 9692 --- [backend] [           main] c.t.b.config.ApplicationInitConfig       : Admin user already exists, skipping creation.
]]></system-out>
  </testcase>
</testsuite>